c:\users\dell\desktop\a1_p1\a1_p1\a1_p1\debug\vc142.pdb
c:\users\dell\desktop\a1_p1\a1_p1\a1_p1\debug\vc142.idb
c:\users\dell\desktop\a1_p1\a1_p1\a1_p1\debug\list.obj
c:\users\dell\desktop\a1_p1\a1_p1\a1_p1\debug\a1_p1.obj
c:\users\dell\desktop\a2_20180146_20180198\a1_p1\a1_p1\debug\vc142.pdb
c:\users\dell\desktop\a2_20180146_20180198\a1_p1\a1_p1\debug\vc142.idb
c:\users\dell\desktop\a2_20180146_20180198\a1_p1\a1_p1\debug\list.obj
c:\users\dell\desktop\a2_20180146_20180198\a1_p1\a1_p1\debug\a1_p1.obj
c:\users\dell\desktop\a1_p1\a1_p1\debug\a1_p1.exe
c:\users\dell\desktop\a1_p1\a1_p1\debug\a1_p1.ilk
c:\users\dell\desktop\a1_p1\a1_p1\debug\a1_p1.pdb
c:\users\dell\desktop\a2_20180146_20180198\a1_p1\debug\a1_p1.exe
c:\users\dell\desktop\a2_20180146_20180198\a1_p1\debug\a1_p1.ilk
c:\users\dell\desktop\a2_20180146_20180198\a1_p1\debug\a1_p1.pdb
c:\users\dell\desktop\a2_20180146_20180198\a1_p1\a1_p1\debug\a1_p1.tlog\cl.command.1.tlog
c:\users\dell\desktop\a2_20180146_20180198\a1_p1\a1_p1\debug\a1_p1.tlog\cl.read.1.tlog
c:\users\dell\desktop\a2_20180146_20180198\a1_p1\a1_p1\debug\a1_p1.tlog\cl.write.1.tlog
c:\users\dell\desktop\a2_20180146_20180198\a1_p1\a1_p1\debug\a1_p1.tlog\link.command.1.tlog
c:\users\dell\desktop\a2_20180146_20180198\a1_p1\a1_p1\debug\a1_p1.tlog\link.read.1.tlog
c:\users\dell\desktop\a2_20180146_20180198\a1_p1\a1_p1\debug\a1_p1.tlog\link.write.1.tlog
